INFO Selected: Output dir: ./
INFO Selected: Query file: /media/vol1/daniel/nostoc/nanoporeNostoc16sAlignments_repo/placeConsensusSeqOnCydrasil/ssuAl/ssuAl.bacteria.mask.afa
INFO Selected: Tree file: /media/vol1/daniel/nostoc/16sTree/cydrasil_repo/cydrasil-v3-reference-tree.nwk
INFO Selected: Reference MSA: /media/vol1/daniel/nostoc/16sTree/cydrasil_repo/Cydrasil-v3-reference-alignment.afa
INFO Selected: Automatic switching of use of per rate scalers
INFO Selected: Preserving the root of the input tree
INFO Selected: Specified model file: /media/vol1/daniel/nostoc/16sTree/cydrasil_repo/cydrasil-v3.bestModel
INFO     ______ ____   ___           _   __ ______
        / ____// __ \ /   |         / | / // ____/
       / __/  / /_/ // /| | ______ /  |/ // / __  
      / /___ / ____// ___ |/_____// /|  // /_/ /  
     /_____//_/    /_/  |_|      /_/ |_/ \____/ (v0.3.8)
INFO Using model parameters:
INFO    Rate heterogeneity: GAMMA (4 cats, mean),  alpha: 0.474524 (user),  weights&rates: (0.25,0.0287687) (0.25,0.234959) (0.25,0.800808) (0.25,2.93546) 
        Base frequencies (model): 0.25 0.25 0.25 0.25 
        Substitution rates (user): 0.82916 2.65244 1.02347 0.603517 2.63288 1
INFO Output file: ./epa_result.jplace
INFO 1 Sequences done!
INFO Time spent placing: 3s
INFO Elapsed Time: 4s
