# _ssu-mask :: mask SSU rRNA alignments
# SSU-ALIGN 0.1.1 (Feb 2016)
# Copyright (C) 2016 Howard Hughes Medical Institute
# Freely distributed under the BSD open source license.
# - - - - - - - - - - - - - - - - - - - - - - - - - - - - - - - - - - - -
# command: _ssu-mask -s /media/vol1/daniel/nostoc/16sTree/cydrasil_repo/cydrasil-v3-ssu-align.bacteria.mask ssuAl/
# date:    Wed Aug 14 09:59:25 2024

Printing global hask key as read from ssu.pm:

Global hash key: DF_ALIMASK_PFRACT    value: 0.95
Global hash key: DF_ALIMASK_PTHRESH   value: 0.95
Global hash key: DF_CMALIGN_OPTS      value:  --no-null3 --sub 
Global hash key: DF_CMBUILD_GAPTHRESH value: 0.8
Global hash key: DF_CMSEARCH_ALG_FLAG value:  --viterbi
Global hash key: DF_CMSEARCH_OPTS     value:  --hmm-cW 1.5 --no-null3 --noalign 
Global hash key: DF_CMSEARCH_T        value: -1
Global hash key: DF_CM_FILE           value: /media/vol1/daniel/miniconda3/envs/cydrasil/share/ssu-align-0.1.1/ssu-align-0p1.cm
Global hash key: DF_MASK_FILE         value: /media/vol1/daniel/miniconda3/envs/cydrasil/share/ssu-align-0.1.1/ssu-align-0p1.mask
Global hash key: DF_MERGE_INIT_WAIT_SECS value: 3
Global hash key: DF_MINBIT            value: 50
Global hash key: DF_MINLEN            value: 1
Global hash key: DF_MXSIZE            value: 4096
Global hash key: DF_NO_NAME           value: <NONE>
Global hash key: DF_TEMPLATE_FILE     value: /media/vol1/daniel/miniconda3/envs/cydrasil/share/ssu-align-0.1.1/ssu-align-0p1.ps
Global hash key: VERSION              value: 0.1
Global hash key: VERSION_PSTR         value: 0p1
Global hash key: cmalign              value: ssu-cmalign
Global hash key: cmbuild              value: ssu-cmbuild
Global hash key: cmsearch             value: ssu-cmsearch
Global hash key: esl-alimanip         value: ssu-esl-alimanip
Global hash key: esl-alimask          value: ssu-esl-alimask
Global hash key: esl-alimerge         value: ssu-esl-alimerge
Global hash key: esl-alistat          value: ssu-esl-alistat
Global hash key: esl-reformat         value: ssu-esl-reformat
Global hash key: esl-seqstat          value: ssu-esl-seqstat
Global hash key: esl-sfetch           value: ssu-esl-sfetch
Global hash key: esl-ssdraw           value: ssu-esl-ssdraw
Global hash key: esl-weight           value: ssu-esl-weight
Global hash key: ps2pdf               value: ps2pdf
Global hash key: ssu-align            value: ssu-align
Global hash key: ssu-merge            value: ssu-merge

Executing:      ssu-esl-alimask -h > /dev/null  2> ssuAl/ssutmp0erraa105851
Returned:       0
Output (STDOUT) sent to /dev/null.
Output (STDERR): ***NONE***

About to remove file (ssuAl/ssutmp0erraa105851) with perl's unlink function ... done.

Executing:      ssu-esl-alimanip -h > /dev/null  2> ssuAl/ssutmp1erraa105851
Returned:       0
Output (STDOUT) sent to /dev/null.
Output (STDERR): ***NONE***

About to remove file (ssuAl/ssutmp1erraa105851) with perl's unlink function ... done.

Executing:      ssu-esl-ssdraw -h > /dev/null  2> ssuAl/ssutmp2erraa105851
Returned:       0
Output (STDOUT) sent to /dev/null.
Output (STDERR): ***NONE***

About to remove file (ssuAl/ssutmp2erraa105851) with perl's unlink function ... done.

Executing:      ssu-esl-alimask --rna --small -o ssuAl/ssuAl.bacteria.mask.stk ssuAl/ssuAl.bacteria.stk /media/vol1/daniel/nostoc/16sTree/cydrasil_repo/cydrasil-v3-ssu-align.bacteria.mask > ssuAl.bacteria.alimask  2> ssuAl/ssutmp3erraa105851
Returned:       0
Output (STDOUT) saved in file ssuAl.bacteria.alimask.
Output (STDERR): ***NONE***

About to remove file (ssuAl/ssutmp3erraa105851) with perl's unlink function ... done.

Executing:      ssu-esl-ssdraw --mask-col --mask /media/vol1/daniel/nostoc/16sTree/cydrasil_repo/cydrasil-v3-ssu-align.bacteria.mask --small /media/vol1/daniel/miniconda3/envs/cydrasil/share/ssu-align-0.1.1/bacteria-0p1.stk /media/vol1/daniel/miniconda3/envs/cydrasil/share/ssu-align-0.1.1/ssu-align-0p1.ps ssuAl/ssuAl.bacteria.mask.ps > ssuAl/ssutmp4outaa105851  2> ssuAl/ssutmp4erraa105851
Returned:       0
Output (STDOUT): 
# 1 page postscript saved to file ssuAl/ssuAl.bacteria.mask.ps.

Output (STDERR): ***NONE***

About to remove file (ssuAl/ssutmp4outaa105851) with perl's unlink function ... done.

About to remove file (ssuAl/ssutmp4erraa105851) with perl's unlink function ... done.

Executing:      ps2pdf ssuAl/ssuAl.bacteria.mask.ps ssuAl/ssuAl.bacteria.mask.pdf > ssuAl/ssutmp5outaa105851  2> ssuAl/ssutmp5erraa105851
Returned:       0
Output (STDOUT): ***NONE***
Output (STDERR): ***NONE***

About to remove file (ssuAl/ssutmp5outaa105851) with perl's unlink function ... done.

About to remove file (ssuAl/ssutmp5erraa105851) with perl's unlink function ... done.

About to remove file (ssuAl/ssuAl.bacteria.mask.ps) with perl's unlink function ... done.

About to remove file (ssuAl.bacteria.alimask) with perl's unlink function ... done.

Mi 14. Aug 09:59:25 CEST 2024
Linux MinION-PC 5.15.0-117-generic #127~20.04.1-Ubuntu SMP Thu Jul 11 15:36:12 UTC 2024 x86_64 x86_64 x86_64 GNU/Linux
# SSU-ALIGN-SUCCESS
