# _ssu-align :: align SSU rRNA sequences
# SSU-ALIGN 0.1.1 (Feb 2016)
# Copyright (C) 2016 Howard Hughes Medical Institute
# Freely distributed under the BSD open source license.
# - - - - - - - - - - - - - - - - - - - - - - - - - - - - - - - - - - - -
# command: _ssu-align /media/vol1/daniel/nostoc/nanoporeNostoc16sAlignments_repo/get_consensus_seq/leptoNostoc_withN.fa ssuAl
# date:    Wed Aug 14 09:58:26 2024

Printing global hask key as read from ssu.pm:

Global hash key: DF_ALIMASK_PFRACT    value: 0.95
Global hash key: DF_ALIMASK_PTHRESH   value: 0.95
Global hash key: DF_CMALIGN_OPTS      value:  --no-null3 --sub 
Global hash key: DF_CMBUILD_GAPTHRESH value: 0.8
Global hash key: DF_CMSEARCH_ALG_FLAG value:  --viterbi
Global hash key: DF_CMSEARCH_OPTS     value:  --hmm-cW 1.5 --no-null3 --noalign 
Global hash key: DF_CMSEARCH_T        value: -1
Global hash key: DF_CM_FILE           value: /media/vol1/daniel/miniconda3/envs/cydrasil/share/ssu-align-0.1.1/ssu-align-0p1.cm
Global hash key: DF_MASK_FILE         value: /media/vol1/daniel/miniconda3/envs/cydrasil/share/ssu-align-0.1.1/ssu-align-0p1.mask
Global hash key: DF_MERGE_INIT_WAIT_SECS value: 3
Global hash key: DF_MINBIT            value: 50
Global hash key: DF_MINLEN            value: 1
Global hash key: DF_MXSIZE            value: 4096
Global hash key: DF_NO_NAME           value: <NONE>
Global hash key: DF_TEMPLATE_FILE     value: /media/vol1/daniel/miniconda3/envs/cydrasil/share/ssu-align-0.1.1/ssu-align-0p1.ps
Global hash key: VERSION              value: 0.1
Global hash key: VERSION_PSTR         value: 0p1
Global hash key: cmalign              value: ssu-cmalign
Global hash key: cmbuild              value: ssu-cmbuild
Global hash key: cmsearch             value: ssu-cmsearch
Global hash key: esl-alimanip         value: ssu-esl-alimanip
Global hash key: esl-alimask          value: ssu-esl-alimask
Global hash key: esl-alimerge         value: ssu-esl-alimerge
Global hash key: esl-alistat          value: ssu-esl-alistat
Global hash key: esl-reformat         value: ssu-esl-reformat
Global hash key: esl-seqstat          value: ssu-esl-seqstat
Global hash key: esl-sfetch           value: ssu-esl-sfetch
Global hash key: esl-ssdraw           value: ssu-esl-ssdraw
Global hash key: esl-weight           value: ssu-esl-weight
Global hash key: ps2pdf               value: ps2pdf
Global hash key: ssu-align            value: ssu-align
Global hash key: ssu-merge            value: ssu-merge

Executing:      ssu-esl-seqstat -h > /dev/null  2> ssuAl/ssutmp0erraa105823
Returned:       0
Output (STDOUT) sent to /dev/null.
Output (STDERR): ***NONE***

About to remove file (ssuAl/ssutmp0erraa105823) with perl's unlink function ... done.

Executing:      ssu-cmsearch -h > /dev/null  2> ssuAl/ssutmp1erraa105823
Returned:       0
Output (STDOUT) sent to /dev/null.
Output (STDERR): ***NONE***

About to remove file (ssuAl/ssutmp1erraa105823) with perl's unlink function ... done.

Executing:      ssu-esl-sfetch -h > /dev/null  2> ssuAl/ssutmp2erraa105823
Returned:       0
Output (STDOUT) sent to /dev/null.
Output (STDERR): ***NONE***

About to remove file (ssuAl/ssutmp2erraa105823) with perl's unlink function ... done.

Executing:      ssu-esl-reformat -h > /dev/null  2> ssuAl/ssutmp3erraa105823
Returned:       0
Output (STDOUT) sent to /dev/null.
Output (STDERR): ***NONE***

About to remove file (ssuAl/ssutmp3erraa105823) with perl's unlink function ... done.

Executing:      ssu-cmalign -h > /dev/null  2> ssuAl/ssutmp4erraa105823
Returned:       0
Output (STDOUT) sent to /dev/null.
Output (STDERR): ***NONE***

About to remove file (ssuAl/ssutmp4erraa105823) with perl's unlink function ... done.

Executing:      ssu-esl-seqstat --rna -a /media/vol1/daniel/nostoc/nanoporeNostoc16sAlignments_repo/get_consensus_seq/leptoNostoc_withN.fa > ssuAl/ssuAl.seqstat  2> ssuAl/ssutmp5erraa105823
Returned:       0
Output (STDOUT) saved in file ssuAl/ssuAl.seqstat.
Output (STDERR): ***NONE***

About to remove file (ssuAl/ssutmp5erraa105823) with perl's unlink function ... done.

About to remove file (ssuAl/ssuAl.seqstat) with perl's unlink function ... done.

Executing:      ssu-cmsearch --hmm-cW 1.5 --no-null3 --noalign -T -1 --tab ssuAl/ssuAl.tab --viterbi /media/vol1/daniel/miniconda3/envs/cydrasil/share/ssu-align-0.1.1/ssu-align-0p1.cm /media/vol1/daniel/nostoc/nanoporeNostoc16sAlignments_repo/get_consensus_seq/leptoNostoc_withN.fa > ssuAl/ssuAl.cmsearch  2> ssuAl/ssutmp6erraa105823
Returned:       0
Output (STDOUT) saved in file ssuAl/ssuAl.cmsearch.
Output (STDERR): ***NONE***

About to remove file (ssuAl/ssutmp6erraa105823) with perl's unlink function ... done.

About to remove file (ssuAl/ssuAl.cmsearch) with perl's unlink function ... done.

Executing:      ssu-esl-sfetch --index /media/vol1/daniel/nostoc/nanoporeNostoc16sAlignments_repo/get_consensus_seq/leptoNostoc_withN.fa > ssuAl/ssutmp7outaa105823  2> ssuAl/ssutmp7erraa105823
Returned:       0
Output (STDOUT): 
Creating SSI index for /media/vol1/daniel/nostoc/nanoporeNostoc16sAlignments_repo/get_consensus_seq/leptoNostoc_withN.fa...    done.
Indexed 1 sequences (1 names).
SSI index written to file /media/vol1/daniel/nostoc/nanoporeNostoc16sAlignments_repo/get_consensus_seq/leptoNostoc_withN.fa.ssi

Output (STDERR): ***NONE***

About to remove file (ssuAl/ssutmp7outaa105823) with perl's unlink function ... done.

About to remove file (ssuAl/ssutmp7erraa105823) with perl's unlink function ... done.

Executing:      ssu-esl-sfetch -Cf /media/vol1/daniel/nostoc/nanoporeNostoc16sAlignments_repo/get_consensus_seq/leptoNostoc_withN.fa ssuAl/ssuAl.bacteria.sfetch | ssu-esl-reformat -o ssuAl/ssuAl.bacteria.fa --informat fasta -r fasta - > ssuAl/ssutmp8outaa105823  2> ssuAl/ssutmp8erraa105823
Returned:       0
Output (STDOUT): ***NONE***
Output (STDERR): ***NONE***

About to remove file (ssuAl/ssutmp8outaa105823) with perl's unlink function ... done.

About to remove file (ssuAl/ssutmp8erraa105823) with perl's unlink function ... done.

About to remove file (ssuAl/ssuAl.bacteria.sfetch) with perl's unlink function ... done.

Executing:      ssu-cmalign --cm-name bacteria --mxsize 4096 --no-null3 --sub --ifile ssuAl/ssuAl.bacteria.ifile -o ssuAl/ssuAl.bacteria.stk /media/vol1/daniel/miniconda3/envs/cydrasil/share/ssu-align-0.1.1/ssu-align-0p1.cm ssuAl/ssuAl.bacteria.fa > ssuAl/ssuAl.bacteria.cmalign  2> ssuAl/ssutmp9erraa105823
Returned:       0
Output (STDOUT) saved in file ssuAl/ssuAl.bacteria.cmalign.
Output (STDERR): ***NONE***

About to remove file (ssuAl/ssutmp9erraa105823) with perl's unlink function ... done.

About to remove file (ssuAl/ssuAl.nomatch) with perl's unlink function ... done.

About to remove file (/media/vol1/daniel/nostoc/nanoporeNostoc16sAlignments_repo/get_consensus_seq/leptoNostoc_withN.fa.ssi) with perl's unlink function ... done.

Mi 14. Aug 09:58:27 CEST 2024
Linux MinION-PC 5.15.0-117-generic #127~20.04.1-Ubuntu SMP Thu Jul 11 15:36:12 UTC 2024 x86_64 x86_64 x86_64 GNU/Linux
